Watching for file changes with StatReloader
"GET /prefix/about/ HTTP/1.1" 200 27
"GET /prefix/ HTTP/1.1" 200 13
"GET /prefix HTTP/1.1" 301 0
"GET /prefix/ HTTP/1.1" 200 13
C:\Users\kapa-\PycharmProjects\pythonDjango\myproject\myproject\settings.py changed, reloading.
Watching for file changes with StatReloader
Index page accessed
"GET /prefix/ HTTP/1.1" 200 13
Index page accessed
"GET /prefix/ HTTP/1.1" 200 13
Error in about page: division by zero
Traceback (most recent call last):
  File "C:\Users\kapa-\PycharmProjects\pythonDjango\myproject\myapp\views.py", line 15, in about
    result = 1 / 0
             ~~^~~
ZeroDivisionError: division by zero
"GET /prefix/about/ HTTP/1.1" 200 27
C:\Users\kapa-\PycharmProjects\pythonDjango\myproject\myproject\settings.py changed, reloading.
Watching for file changes with StatReloader
C:\Users\kapa-\PycharmProjects\pythonDjango\myproject\myproject\settings.py changed, reloading.
Watching for file changes with StatReloader
C:\Users\kapa-\PycharmProjects\pythonDjango\myproject\myproject\settings.py changed, reloading.
Watching for file changes with StatReloader
C:\Users\kapa-\PycharmProjects\pythonDjango\myproject\myproject\settings.py changed, reloading.
INFO 2023-09-28 21:38:38,882 autoreload 5212 16188 Watching for file changes with StatReloader
ERROR 2023-09-28 21:38:49,616 views 5212 7016 Error in about page: division by zero
Traceback (most recent call last):
  File "C:\Users\kapa-\PycharmProjects\pythonDjango\myproject\myapp\views.py", line 15, in about
    result = 1 / 0
             ~~^~~
ZeroDivisionError: division by zero
INFO 2023-09-28 21:38:49,620 basehttp 5212 7016 "GET /prefix/about/ HTTP/1.1" 200 27
INFO 2023-09-28 21:38:56,636 views 5212 7016 Index page accessed
INFO 2023-09-28 21:38:56,637 basehttp 5212 7016 "GET /prefix/ HTTP/1.1" 200 13
INFO 2023-10-01 16:16:10,473 autoreload 20328 11324 Watching for file changes with StatReloader
INFO 2023-10-01 16:21:47,226 autoreload 9900 10632 Watching for file changes with StatReloader
INFO 2023-10-01 16:25:39,319 autoreload 4044 11412 Watching for file changes with StatReloader
